 Total Nb of available Diagnostics: ndiagt=   245
------------------------------------------------------------------------------------
  Num  |<-Name->|Levs|  mate |<- code ->|<--  Units   -->|<- Tile (max=80c)         
------------------------------------------------------------------------------------
     1 |SDIAG1  |  1 |       |SM      L1|user-defined    |User-Defined   Surface   Diagnostic  #1
     2 |SDIAG2  |  1 |       |SM      L1|user-defined    |User-Defined   Surface   Diagnostic  #2
     3 |SDIAG3  |  1 |       |SM      L1|user-defined    |User-Defined   Surface   Diagnostic  #3
     4 |SDIAG4  |  1 |       |SM      L1|user-defined    |User-Defined   Surface   Diagnostic  #4
     5 |SDIAG5  |  1 |       |SM      L1|user-defined    |User-Defined   Surface   Diagnostic  #5
     6 |SDIAG6  |  1 |       |SM      L1|user-defined    |User-Defined   Surface   Diagnostic  #6
     7 |SDIAG7  |  1 |       |SU      L1|user-defined    |User-Defined U.pt Surface Diagnostic #7
     8 |SDIAG8  |  1 |       |SV      L1|user-defined    |User-Defined V.pt Surface Diagnostic #8
     9 |SDIAG9  |  1 |    10 |UU      L1|user-defined    |User-Defined U.vector Surface Diag.  #9
    10 |SDIAG10 |  1 |     9 |VV      L1|user-defined    |User-Defined V.vector Surface Diag. #10
    11 |UDIAG1  | 15 |       |SM      MR|user-defined    |User-Defined Model-Level Diagnostic  #1
    12 |UDIAG2  | 15 |       |SM      MR|user-defined    |User-Defined Model-Level Diagnostic  #2
    13 |UDIAG3  | 15 |       |SMR     MR|user-defined    |User-Defined Model-Level Diagnostic  #3
    14 |UDIAG4  | 15 |       |SMR     MR|user-defined    |User-Defined Model-Level Diagnostic  #4
    15 |UDIAG5  | 15 |       |SU      MR|user-defined    |User-Defined U.pt Model-Level Diag.  #5
    16 |UDIAG6  | 15 |       |SV      MR|user-defined    |User-Defined V.pt Model-Level Diag.  #6
    17 |UDIAG7  | 15 |    18 |UUR     MR|user-defined    |User-Defined U.vector Model-Lev Diag.#7
    18 |UDIAG8  | 15 |    17 |VVR     MR|user-defined    |User-Defined V.vector Model-Lev Diag.#8
    19 |UDIAG9  | 15 |       |SM      ML|user-defined    |User-Defined Phys-Level  Diagnostic  #9
    20 |UDIAG10 | 15 |       |SM      ML|user-defined    |User-Defined Phys-Level  Diagnostic #10
    21 |SDIAGC  |  1 |    22 |SM  C   L1|user-defined    |User-Defined Counted Surface Diagnostic
    22 |SDIAGCC |  1 |       |SM      L1|count           |User-Defined Surface Diagnostic Counter
    23 |ETAN    |  1 |       |SM      M1|m               |Surface Height Anomaly
    24 |ETANSQ  |  1 |       |SM P    M1|m^2             |Square of Surface Height Anomaly
    25 |DETADT2 |  1 |       |SM      M1|m^2/s^2         |Square of Surface Height Anomaly Tendency
    26 |THETA   | 15 |       |SMR     MR|degC            |Potential Temperature
    27 |SALT    | 15 |       |SMR     MR|psu             |Salinity
    28 |RELHUM  | 15 |       |SMR     MR|percent         |Relative Humidity
    29 |SALTanom| 15 |       |SMR     MR|psu             |Salt anomaly (=SALT-35; g/kg)
    30 |UVEL    | 15 |    31 |UUR     MR|m/s             |Zonal Component of Velocity (m/s)
    31 |VVEL    | 15 |    30 |VVR     MR|m/s             |Meridional Component of Velocity (m/s)
    32 |WVEL    | 15 |       |WM      LR|m/s             |Vertical Component of Velocity (r_units/s)
    33 |THETASQ | 15 |       |SMRP    MR|degC^2          |Square of Potential Temperature
    34 |SALTSQ  | 15 |       |SMRP    MR|(psu)^2         |Square of Salinity
    35 |SALTSQan| 15 |       |SMRP    MR|(psu)^2         |Square of Salt anomaly (=(SALT-35)^2 (g^2/kg^2)
    36 |UVELSQ  | 15 |    37 |UURP    MR|m^2/s^2         |Square of Zonal Comp of Velocity (m^2/s^2)
    37 |VVELSQ  | 15 |    36 |VVRP    MR|m^2/s^2         |Square of Meridional Comp of Velocity (m^2/s^2)
    38 |WVELSQ  | 15 |       |WM P    LR|m^2/s^2         |Square of Vertical Comp of Velocity
    39 |UE_VEL_C| 15 |    40 |UMR     MR|m/s             |Eastward Velocity (m/s) (cell center)
    40 |VN_VEL_C| 15 |    39 |VMR     MR|m/s             |Northward Velocity (m/s) (cell center)
    41 |UV_VEL_C| 15 |    41 |UMR     MR|m^2/s^2         |Product of horizontal Comp of velocity (cell center)
    42 |UV_VEL_Z| 15 |    42 |UZR     MR|m^2/s^2         |Meridional Transport of Zonal Momentum (m^2/s^2)
    43 |WU_VEL  | 15 |       |WU      LR|m.m/s^2         |Vertical Transport of Zonal Momentum
    44 |WV_VEL  | 15 |       |WV      LR|m.m/s^2         |Vertical Transport of Meridional Momentum
    45 |UVELMASS| 15 |    46 |UUr     MR|m/s             |Zonal Mass-Weighted Comp of Velocity (m/s)
    46 |VVELMASS| 15 |    45 |VVr     MR|m/s             |Meridional Mass-Weighted Comp of Velocity (m/s)
    47 |WVELMASS| 15 |       |WM      LR|m/s             |Vertical Mass-Weighted Comp of Velocity
    48 |PhiVEL  | 15 |    45 |SMR P   MR|m^2/s           |Horizontal Velocity Potential (m^2/s)
    49 |PsiVEL  | 15 |    48 |SZ  P   MR|m.m^2/s         |Horizontal Velocity Stream-Function
    50 |UTHMASS | 15 |    51 |UUr     MR|degC.m/s        |Zonal Mass-Weight Transp of Pot Temp
    51 |VTHMASS | 15 |    50 |VVr     MR|degC.m/s        |Meridional Mass-Weight Transp of Pot Temp
    52 |WTHMASS | 15 |       |WM      LR|degC.m/s        |Vertical Mass-Weight Transp of Pot Temp (K.m/s)
    53 |USLTMASS| 15 |    54 |UUr     MR|psu.m/s         |Zonal Mass-Weight Transp of Salinity
    54 |VSLTMASS| 15 |    53 |VVr     MR|psu.m/s         |Meridional Mass-Weight Transp of Salinity
    55 |WSLTMASS| 15 |       |WM      LR|psu.m/s         |Vertical Mass-Weight Transp of Salinity
    56 |UVELTH  | 15 |    57 |UUR     MR|degC.m/s        |Zonal Transport of Pot Temp
    57 |VVELTH  | 15 |    56 |VVR     MR|degC.m/s        |Meridional Transport of Pot Temp
    58 |WVELTH  | 15 |       |WM      LR|degC.m/s        |Vertical Transport of Pot Temp
    59 |UVELSLT | 15 |    60 |UUR     MR|psu.m/s         |Zonal Transport of Salinity
    60 |VVELSLT | 15 |    59 |VVR     MR|psu.m/s         |Meridional Transport of Salinity
    61 |WVELSLT | 15 |       |WM      LR|psu.m/s         |Vertical Transport of Salinity
    62 |UVELPHI | 15 |    63 |UUr     MR|m^3/s^3         |Zonal Mass-Weight Transp of Pressure Pot.(p/rho) Anomaly
    63 |VVELPHI | 15 |    62 |VVr     MR|m^3/s^3         |Merid. Mass-Weight Transp of Pressure Pot.(p/rho) Anomaly
    64 |RHOAnoma| 15 |       |SMR     MR|kg/m^3          |Density Anomaly (=Rho-rhoConst)
    65 |RHOANOSQ| 15 |       |SMRP    MR|kg^2/m^6        |Square of Density Anomaly (=(Rho-rhoConst)^2)
    66 |URHOMASS| 15 |    67 |UUr     MR|kg/m^2/s        |Zonal Transport of Density
    67 |VRHOMASS| 15 |    66 |VVr     MR|kg/m^2/s        |Meridional Transport of Density
    68 |WRHOMASS| 15 |       |WM      LR|kg/m^2/s        |Vertical Transport of Density
    69 |WdRHO_P | 15 |       |WM      LR|kg/m^2/s        |Vertical velocity times delta^k(Rho)_at-const-P
    70 |WdRHOdP | 15 |       |WM      LR|kg/m^2/s        |Vertical velocity times delta^k(Rho)_at-const-T,S
    71 |PHIHYD  | 15 |       |SMR     MR|m^2/s^2         |Hydrostatic Pressure Pot.(p/rho) Anomaly
    72 |PHIHYDSQ| 15 |       |SMRP    MR|m^4/s^4         |Square of Hyd. Pressure Pot.(p/rho) Anomaly
    73 |PHIBOT  |  1 |       |SM      M1|m^2/s^2         |Bottom Pressure Pot.(p/rho) Anomaly
    74 |PHIBOTSQ|  1 |       |SM P    M1|m^4/s^4         |Square of Bottom Pressure Pot.(p/rho) Anomaly
    75 |MXLDEPTH|  1 |       |SM      M1|m               |Mixed-Layer Depth (>0)
    76 |DRHODR  | 15 |       |SM      LR|kg/m^4          |Stratification: d.Sigma/dr (kg/m3/r_unit)
    77 |CONVADJ | 15 |       |SMR     LR|fraction        |Convective Adjustment Index [0-1]
    78 |oceTAUX |  1 |    79 |UU      U1|N/m^2           |zonal surface wind stress, >0 increases uVel
    79 |oceTAUY |  1 |    78 |VV      U1|N/m^2           |meridional surf. wind stress, >0 increases vVel
    80 |atmPload|  1 |       |SM      U1|Pa              |Atmospheric pressure loading
    81 |sIceLoad|  1 |       |SM      U1|kg/m^2          |sea-ice loading (in Mass of ice+snow / area unit)
    82 |oceFWflx|  1 |       |SM      U1|kg/m^2/s        |net surface Fresh-Water flux into the ocean (+=down), >0 decreases salinity
    83 |oceSflux|  1 |       |SM      U1|g/m^2/s         |net surface Salt flux into the ocean (+=down), >0 increases salinity
    84 |oceQnet |  1 |       |SM      U1|W/m^2           |net surface heat flux into the ocean (+=down), >0 increases theta
    85 |oceQsw  |  1 |       |SM      U1|W/m^2           |net Short-Wave radiation (+=down), >0 increases theta
    86 |oceFreez|  1 |       |SM      U1|W/m^2           |heating from freezing of sea-water (allowFreezing=T)
    87 |TRELAX  |  1 |       |SM      U1|W/m^2           |surface temperature relaxation, >0 increases theta
    88 |SRELAX  |  1 |       |SM      U1|g/m^2/s         |surface salinity relaxation, >0 increases salt
    89 |surForcT|  1 |       |SM      U1|W/m^2           |model surface forcing for Temperature, >0 increases theta
    90 |surForcS|  1 |       |SM      U1|g/m^2/s         |model surface forcing for Salinity, >0 increases salinity
    91 |TFLUX   |  1 |       |SM      U1|W/m^2           |total heat flux (match heat-content variations), >0 increases theta
    92 |SFLUX   |  1 |       |SM      U1|g/m^2/s         |total salt flux (match salt-content variations), >0 increases salt
    93 |RCENTER | 15 |       |SM      MR|m               |Cell-Center Height
    94 |RSURF   |  1 |       |SM      M1|m               |Surface Height
    95 |TOTUTEND| 15 |    96 |UUR     MR|m/s/day         |Tendency of Zonal Component of Velocity
    96 |TOTVTEND| 15 |    95 |VVR     MR|m/s/day         |Tendency of Meridional Component of Velocity
    97 |TOTTTEND| 15 |       |SMR     MR|degC/day        |Tendency of Potential Temperature
    98 |TOTSTEND| 15 |       |SMR     MR|psu/day         |Tendency of Salinity
    99 |MoistCor| 15 |       |SM      MR|W/m^2           |Heating correction due to moist thermodynamics
------------------------------------------------------------------------------------
  Num  |<-Name->|Levs|  mate |<- code ->|<--  Units   -->|<- Tile (max=80c)         
------------------------------------------------------------------------------------
   100 |gT_Forc | 15 |       |SMR     MR|degC/s          |Potential Temp. forcing tendency
   101 |gS_Forc | 15 |       |SMR     MR|psu/s           |Salinity forcing tendency
   102 |AB_gT   | 15 |       |SMR     MR|degC/s          |Potential Temp. tendency from Adams-Bashforth
   103 |AB_gS   | 15 |       |SMR     MR|psu/s           |Salinity tendency from Adams-Bashforth
   104 |gTinAB  | 15 |       |SMR     MR|degC/s          |Potential Temp. tendency going in Adams-Bashforth
   105 |gSinAB  | 15 |       |SMR     MR|psu/s           |Salinity tendency going in Adams-Bashforth
   106 |AB_gU   | 15 |   107 |UUR     MR|m/s^2           |U momentum tendency from Adams-Bashforth
   107 |AB_gV   | 15 |   106 |VVR     MR|m/s^2           |V momentum tendency from Adams-Bashforth
   108 |ADVr_TH | 15 |       |WM      LR|degC.m^3/s      |Vertical   Advective Flux of Pot.Temperature
   109 |ADVx_TH | 15 |   110 |UU      MR|degC.m^3/s      |Zonal      Advective Flux of Pot.Temperature
   110 |ADVy_TH | 15 |   109 |VV      MR|degC.m^3/s      |Meridional Advective Flux of Pot.Temperature
   111 |DFrE_TH | 15 |       |WM      LR|degC.m^3/s      |Vertical Diffusive Flux of Pot.Temperature (Explicit part)
   112 |DFxE_TH | 15 |   113 |UU      MR|degC.m^3/s      |Zonal      Diffusive Flux of Pot.Temperature
   113 |DFyE_TH | 15 |   112 |VV      MR|degC.m^3/s      |Meridional Diffusive Flux of Pot.Temperature
   114 |DFrI_TH | 15 |       |WM      LR|degC.m^3/s      |Vertical Diffusive Flux of Pot.Temperature (Implicit part)
   115 |ADVr_SLT| 15 |       |WM      LR|psu.m^3/s       |Vertical   Advective Flux of Salinity
   116 |ADVx_SLT| 15 |   117 |UU      MR|psu.m^3/s       |Zonal      Advective Flux of Salinity
   117 |ADVy_SLT| 15 |   116 |VV      MR|psu.m^3/s       |Meridional Advective Flux of Salinity
   118 |DFrE_SLT| 15 |       |WM      LR|psu.m^3/s       |Vertical Diffusive Flux of Salinity    (Explicit part)
   119 |DFxE_SLT| 15 |   120 |UU      MR|psu.m^3/s       |Zonal      Diffusive Flux of Salinity
   120 |DFyE_SLT| 15 |   119 |VV      MR|psu.m^3/s       |Meridional Diffusive Flux of Salinity
   121 |DFrI_SLT| 15 |       |WM      LR|psu.m^3/s       |Vertical Diffusive Flux of Salinity    (Implicit part)
   122 |SALTFILL| 15 |       |SM      MR|psu.m^3/s       |Filling of Negative Values of Salinity
   123 |VISCAHZ | 15 |       |SZ      MR|m^2/s           |Harmonic Visc Coefficient (m2/s) (Zeta Pt)
   124 |VISCA4Z | 15 |       |SZ      MR|m^4/s           |Biharmonic Visc Coefficient (m4/s) (Zeta Pt)
   125 |VISCAHD | 15 |       |SM      MR|m^2/s           |Harmonic Viscosity Coefficient (m2/s) (Div Pt)
   126 |VISCA4D | 15 |       |SM      MR|m^4/s           |Biharmonic Viscosity Coefficient (m4/s) (Div Pt)
   127 |VISCAHW | 15 |       |WM      LR|m^2/s           |Harmonic Viscosity Coefficient (m2/s) (W Pt)
   128 |VISCA4W | 15 |       |WM      LR|m^4/s           |Biharmonic Viscosity Coefficient (m4/s) (W Pt)
   129 |VAHZMAX | 15 |       |SZ      MR|m^2/s           |CFL-MAX Harm Visc Coefficient (m2/s) (Zeta Pt)
   130 |VA4ZMAX | 15 |       |SZ      MR|m^4/s           |CFL-MAX Biharm Visc Coefficient (m4/s) (Zeta Pt)
   131 |VAHDMAX | 15 |       |SM      MR|m^2/s           |CFL-MAX Harm Visc Coefficient (m2/s) (Div Pt)
   132 |VA4DMAX | 15 |       |SM      MR|m^4/s           |CFL-MAX Biharm Visc Coefficient (m4/s) (Div Pt)
   133 |VAHZMIN | 15 |       |SZ      MR|m^2/s           |RE-MIN Harm Visc Coefficient (m2/s) (Zeta Pt)
   134 |VA4ZMIN | 15 |       |SZ      MR|m^4/s           |RE-MIN Biharm Visc Coefficient (m4/s) (Zeta Pt)
   135 |VAHDMIN | 15 |       |SM      MR|m^2/s           |RE-MIN Harm Visc Coefficient (m2/s) (Div Pt)
   136 |VA4DMIN | 15 |       |SM      MR|m^4/s           |RE-MIN Biharm Visc Coefficient (m4/s) (Div Pt)
   137 |VAHZLTH | 15 |       |SZ      MR|m^2/s           |Leith Harm Visc Coefficient (m2/s) (Zeta Pt)
   138 |VA4ZLTH | 15 |       |SZ      MR|m^4/s           |Leith Biharm Visc Coefficient (m4/s) (Zeta Pt)
   139 |VAHDLTH | 15 |       |SM      MR|m^2/s           |Leith Harm Visc Coefficient (m2/s) (Div Pt)
   140 |VA4DLTH | 15 |       |SM      MR|m^4/s           |Leith Biharm Visc Coefficient (m4/s) (Div Pt)
   141 |VAHZLTHD| 15 |       |SZ      MR|m^2/s           |LeithD Harm Visc Coefficient (m2/s) (Zeta Pt)
   142 |VA4ZLTHD| 15 |       |SZ      MR|m^4/s           |LeithD Biharm Visc Coefficient (m4/s) (Zeta Pt)
   143 |VAHDLTHD| 15 |       |SM      MR|m^2/s           |LeithD Harm Visc Coefficient (m2/s) (Div Pt)
   144 |VA4DLTHD| 15 |       |SM      MR|m^4/s           |LeithD Biharm Visc Coefficient (m4/s) (Div Pt)
   145 |VAHZSMAG| 15 |       |SZ      MR|m^2/s           |Smagorinsky Harm Visc Coefficient (m2/s) (Zeta Pt)
   146 |VA4ZSMAG| 15 |       |SZ      MR|m^4/s           |Smagorinsky Biharm Visc Coeff. (m4/s) (Zeta Pt)
   147 |VAHDSMAG| 15 |       |SM      MR|m^2/s           |Smagorinsky Harm Visc Coefficient (m2/s) (Div Pt)
   148 |VA4DSMAG| 15 |       |SM      MR|m^4/s           |Smagorinsky Biharm Visc Coeff. (m4/s) (Div Pt)
   149 |momKE   | 15 |       |SMR     MR|m^2/s^2         |Kinetic Energy (in momentum Eq.)
   150 |momHDiv | 15 |       |SMR     MR|s^-1            |Horizontal Divergence (in momentum Eq.)
   151 |momVort3| 15 |       |SZR     MR|s^-1            |3rd component (vertical) of Vorticity
   152 |Strain  | 15 |       |SZR     MR|s^-1            |Horizontal Strain of Horizontal Velocities
   153 |Tension | 15 |       |SMR     MR|s^-1            |Horizontal Tension of Horizontal Velocities
   154 |UBotDrag| 15 |   155 |UUR     MR|m/s^2           |U momentum tendency from Bottom Drag
   155 |VBotDrag| 15 |   154 |VVR     MR|m/s^2           |V momentum tendency from Bottom Drag
   156 |USidDrag| 15 |   157 |UUR     MR|m/s^2           |U momentum tendency from Side Drag
   157 |VSidDrag| 15 |   156 |VVR     MR|m/s^2           |V momentum tendency from Side Drag
   158 |Um_Diss | 15 |   159 |UUR     MR|m/s^2           |U momentum tendency from Dissipation
   159 |Vm_Diss | 15 |   158 |VVR     MR|m/s^2           |V momentum tendency from Dissipation
   160 |Um_Advec| 15 |   161 |UUR     MR|m/s^2           |U momentum tendency from Advection terms
   161 |Vm_Advec| 15 |   160 |VVR     MR|m/s^2           |V momentum tendency from Advection terms
   162 |Um_Cori | 15 |   163 |UUR     MR|m/s^2           |U momentum tendency from Coriolis term
   163 |Vm_Cori | 15 |   162 |VVR     MR|m/s^2           |V momentum tendency from Coriolis term
   164 |Um_dPHdx| 15 |   165 |UUR     MR|m/s^2           |U momentum tendency from Hydrostatic Pressure grad
   165 |Vm_dPHdy| 15 |   164 |VVR     MR|m/s^2           |V momentum tendency from Hydrostatic Pressure grad
   166 |Um_Ext  | 15 |   167 |UUR     MR|m/s^2           |U momentum tendency from external forcing
   167 |Vm_Ext  | 15 |   166 |VVR     MR|m/s^2           |V momentum tendency from external forcing
   168 |Um_AdvZ3| 15 |   169 |UUR     MR|m/s^2           |U momentum tendency from Vorticity Advection
   169 |Vm_AdvZ3| 15 |   168 |VVR     MR|m/s^2           |V momentum tendency from Vorticity Advection
   170 |Um_AdvRe| 15 |   171 |UUR     MR|m/s^2           |U momentum tendency from vertical Advection (Explicit part)
   171 |Vm_AdvRe| 15 |   170 |VVR     MR|m/s^2           |V momentum tendency from vertical Advection (Explicit part)
   172 |ADVx_Um | 15 |   173 |UM      MR|m^4/s^2         |Zonal      Advective Flux of U momentum
   173 |ADVy_Um | 15 |   172 |VZ      MR|m^4/s^2         |Meridional Advective Flux of U momentum
   174 |ADVrE_Um| 15 |       |WU      LR|m^4/s^2         |Vertical   Advective Flux of U momentum (Explicit part)
   175 |ADVx_Vm | 15 |   176 |UZ      MR|m^4/s^2         |Zonal      Advective Flux of V momentum
   176 |ADVy_Vm | 15 |   175 |VM      MR|m^4/s^2         |Meridional Advective Flux of V momentum
   177 |ADVrE_Vm| 15 |       |WV      LR|m^4/s^2         |Vertical   Advective Flux of V momentum (Explicit part)
   178 |VISCx_Um| 15 |   179 |UM      MR|m^4/s^2         |Zonal      Viscous Flux of U momentum
   179 |VISCy_Um| 15 |   178 |VZ      MR|m^4/s^2         |Meridional Viscous Flux of U momentum
   180 |VISrE_Um| 15 |       |WU      LR|m^4/s^2         |Vertical   Viscous Flux of U momentum (Explicit part)
   181 |VISrI_Um| 15 |       |WU      LR|m^4/s^2         |Vertical   Viscous Flux of U momentum (Implicit part)
   182 |VISCx_Vm| 15 |   183 |UZ      MR|m^4/s^2         |Zonal      Viscous Flux of V momentum
   183 |VISCy_Vm| 15 |   182 |VM      MR|m^4/s^2         |Meridional Viscous Flux of V momentum
   184 |VISrE_Vm| 15 |       |WV      LR|m^4/s^2         |Vertical   Viscous Flux of V momentum (Explicit part)
   185 |VISrI_Vm| 15 |       |WV      LR|m^4/s^2         |Vertical   Viscous Flux of V momentum (Implicit part)
   186 |GM_VisbK|  1 |       |SM P    M1|m^2/s           |Mixing coefficient from Visbeck etal parameterization
   187 |GM_hTrsL|  1 |       |SM P    M1|m               |Base depth (>0) of the Transition Layer
   188 |GM_baseS|  1 |       |SM P    M1|1               |Slope at the base of the Transition Layer
   189 |GM_rLamb|  1 |       |SM P    M1|1/m             |Slope vertical gradient at Trans. Layer Base (=recip.Lambda)
   190 |SubMesLf|  1 |       |SM P    M1|m               |Sub-Meso horiz. Length Scale (Lf)
   191 |SubMpsiX|  1 |   192 |UU      M1|m^2/s           |Sub-Meso transp.stream-funct. magnitude (Psi0): U component
   192 |SubMpsiY|  1 |   191 |VV      M1|m^2/s           |Sub-Meso transp.stream-funct. magnitude (Psi0): V component
   193 |GM_Kux  | 15 |   194 |UU P    MR|m^2/s           |K_11 element (U.point, X.dir) of GM-Redi tensor
   194 |GM_Kvy  | 15 |   193 |VV P    MR|m^2/s           |K_22 element (V.point, Y.dir) of GM-Redi tensor
   195 |GM_Kuz  | 15 |   196 |UU      MR|m^2/s           |K_13 element (U.point, Z.dir) of GM-Redi tensor
   196 |GM_Kvz  | 15 |   195 |VV      MR|m^2/s           |K_23 element (V.point, Z.dir) of GM-Redi tensor
   197 |GM_Kwx  | 15 |   198 |UM      LR|m^2/s           |K_31 element (W.point, X.dir) of GM-Redi tensor
   198 |GM_Kwy  | 15 |   197 |VM      LR|m^2/s           |K_32 element (W.point, Y.dir) of GM-Redi tensor
   199 |GM_Kwz  | 15 |       |WM P    LR|m^2/s           |K_33 element (W.point, Z.dir) of GM-Redi tensor
------------------------------------------------------------------------------------
  Num  |<-Name->|Levs|  mate |<- code ->|<--  Units   -->|<- Tile (max=80c)         
------------------------------------------------------------------------------------
   200 |GM_PsiX | 15 |   201 |UU      LR|m^2/s           |GM Bolus transport stream-function : U component
   201 |GM_PsiY | 15 |   200 |VV      LR|m^2/s           |GM Bolus transport stream-function : V component
   202 |GM_KuzTz| 15 |   203 |UU      MR|degC.m^3/s      |Redi Off-diagonal Temperature flux: X component
   203 |GM_KvzTz| 15 |   202 |VV      MR|degC.m^3/s      |Redi Off-diagonal Temperature flux: Y component
   204 |GM_KwzTz| 15 |       |WM      LR|degC.m^3/s      |Redi main-diagonal vertical Temperature flux
   205 |GM_ubT  | 15 |   206 |UUr     MR|degC.m^3/s      |Zonal Mass-Weight Bolus Transp of Pot Temp
   206 |GM_vbT  | 15 |   205 |VVr     MR|degC.m^3/s      |Meridional Mass-Weight Bolus Transp of Pot Temp
   207 |GM_BVPcW|  1 |   208 |SU P    M1|m/s             |WKB wave speed (at Western edge location)
   208 |GM_BVPcS|  1 |   207 |SV P    M1|m/s             |WKB wave speed (at Southern edge location)
   209 |TRAC01  | 15 |       |SMR     MR|kg/kg           |Age_tracer concentration
   210 |UTRAC01 | 15 |   211 |UUr     MR|kg/kg.m/s       |Zonal Mass-Weighted Transp of Age_tracer
   211 |VTRAC01 | 15 |   210 |VVr     MR|kg/kg.m/s       |Merid Mass-Weighted Transp of Age_tracer
   212 |WTRAC01 | 15 |       |WM      MR|kg/kg.m/s       |Vert  Mass-Weighted Transp of Age_tracer
   213 |ForcTr01| 15 |       |SMR     MR|kg/kg/s         |Age_tracer forcing tendency
   214 |AB_gTr01| 15 |       |SMR     MR|kg/kg/s         |Age_tracer tendency from Adams-Bashforth
   215 |ADVrTr01| 15 |       |WM      LR|kg/kg.m^3/s     |Vertical   Advective Flux of Age_tracer
   216 |ADVxTr01| 15 |   217 |UU      MR|kg/kg.m^3/s     |Zonal      Advective Flux of Age_tracer
   217 |ADVyTr01| 15 |   216 |VV      MR|kg/kg.m^3/s     |Meridional Advective Flux of Age_tracer
   218 |DFrETr01| 15 |       |WM      LR|kg/kg.m^3/s     |Vertical Diffusive Flux of Age_tracer (Explicit part)
   219 |DFxETr01| 15 |   220 |UU      MR|kg/kg.m^3/s     |Zonal      Diffusive Flux of Age_tracer
   220 |DFyETr01| 15 |   219 |VV      MR|kg/kg.m^3/s     |Meridional Diffusive Flux of Age_tracer
   221 |DFrITr01| 15 |       |WM      LR|kg/kg.m^3/s     |Vertical Diffusive Flux of Age_tracer (Implicit part)
   222 |Add2EmP |  1 |       |SM      U1|kg/m^2/s        |additional EmP from salt relaxation
   223 |LaTr1RHO| 15 |       |SMR     MR|kg/m^3          |Pot. density (minus 1000) for layer averaging, ref_z=   -25.00,   1
   224 |LaUH1RHO| 30 |   225 |UU      MX|m.m/s           |Layer Integrated  zonal Transport (UH, m^2/s)
   225 |LaVH1RHO| 30 |   224 |VV      MX|m.m/s           |Layer Integrated merid. Transport (VH, m^2/s)
   226 |LaHw1RHO| 30 |   227 |SU      MX|m               |Layer Thickness at U points (m)
   227 |LaHs1RHO| 30 |   226 |SV      MX|m               |Layer Thickness at V points (m)
   228 |LaPw1RHO| 30 |   229 |SU      MX|1               |Layer Probability at U points [-]
   229 |LaPs1RHO| 30 |   228 |SV      MX|1               |Layer Probability at V points [-]
   230 |LaUa1RHO| 30 |   231 |UU      MX|m/s             |Layer-averaged U velocity (non-weighted) (m/s)
   231 |LaVa1RHO| 30 |   230 |VV      MX|m/s             |Layer-averaged V velocity (non-weighted) (m/s)
   232 |LaHc1RHO| 30 |       |SM      MX|m               |Layer Thickness at tracer points (m)
   233 |LaTs1RHO| 29 |       |SM      MX|m deg./s        |Layer THETA transformation from surf. forc.
   234 |LaTh1RHO| 29 |       |SM      MX|m deg./s        |Layer THETA transformation from horiz. diff.
   235 |LaTz1RHO| 29 |       |SM      MX|m deg./s        |Layer THETA transformation from vert. diff.
   236 |LTha1RHO| 29 |       |SM      MX|m deg./s        |Layer THETA transformation from horiz. adv.
   237 |LTza1RHO| 29 |       |SM      MX|m deg./s        |Layer THETA transformation from vert. adv.
   238 |LTto1RHO| 29 |       |SM      MX|m deg./s        |Layer THETA transformation from total tend
   239 |LaSs1RHO| 29 |       |SM      MX|m PSU/s         |Layer SALT transformation from surf. forc.
   240 |LaSh1RHO| 29 |       |SM      MX|m PSU/s         |Layer SALT transformation from horiz. diff.
   241 |LaSz1RHO| 29 |       |SM      MX|m PSU/s         |Layer SALT transformation from vert. diff.
   242 |LSha1RHO| 29 |       |SM      MX|m PSU/s         |Layer SALT transformation from horiz. adv.
   243 |LSza1RHO| 29 |       |SM      MX|m PSU/s         |Layer SALT transformation from vert. adv.
   244 |LSto1RHO| 29 |       |SM      MX|m PSU/s         |Layer SALT transformation from total tend
   245 |LaPc1RHO| 30 |       |SM      MX|1               |Layer Probability at tracer points [-]
------------------------------------------------------------------------------------
  Num  |<-Name->|Levs|  mate |<- code ->|<--  Units   -->|<- Tile (max=80c)         
------------------------------------------------------------------------------------
